0xe458ec39|　夢。\k\n
0x6f39a5f6|　夢を見ている。\k\n　薄暗い部屋の中でひとり、膝を抱えて震える夢だ。
0x2a2dee35|　冷たい床の上、全身に汗を浮かべ、自分の中から<R這|は>い出そうとする『なにか』を必死に押さえつけようとしている。\k\n　そんな夢だ。
0xea6c7489|　フゥ、フゥ……。\k\n　荒い、獣のような呼吸。\k\n　冷たい汗が肌を滑り落ちる。
0x4affa612|　もう何時間もこうしていた。\k\n　静かで、孤独で、耐え<R難|がた>い苦痛をともなう闘いだった。
0x6d01bab0|　誰か……。\k\n　誰か助けてくれ……。\k\n　震える唇が形を<R刻|きざ>んだが、音は発せられなかった。
0xe89c8f25|　誰か……。
0xda1c01be|　──ククク。\k\n　──いつまでそうしてるつもりだ？\k\n　息を殺した笑い声が、頭の中に響き渡った。
0x76c1521e|　──無駄だ。\k\n　──<R抑|おさ>えつけることなど、できはしない。
0xa64f4240|「……黙れ」\k\n　俺は言った。\k\n　ようやく口にできた一言だった。
0x0f747132|　──たしかに、今夜はお前の勝ちかもしれない。\k\n　──だが、明日はどうだ？\k\n　──明後日は？
0x399d395a|　──たとえばお前は、なにも食わず、なにも飲まず、眠りもせずに生きていけるのか？\k\n　──同じことさ。\k\n　──ましてや……。
0x38c1571b|「……黙れっ」\k
0xb254974a|　ギリッ……。\k\n　抱えた<R膝|ひざ>に爪が食い込んだ。\k\n　深くえぐれた<R爪痕|つめあと>にじわりと血がにじむ。
0x07bb575d|　痛みが、わずかに意識を呼び戻した。\k\n　そうだ。\k\n　意識を保て。\k\n　ほんのわずかでも気を抜けば『やつ』は<R檻|おり>を破り、外の世界へ飛び出してしまうだろう。\k\n　それだけは許してはならない。\k\n　負けるわけにはいかない。
0x3c804bca|　──ククク。\k\n　──無意味な抵抗だ。\k\n　──本当はもうわかっているんだろう？\k\n　──限界だということを。\k\n　──これ以上押さえられないということを。
0x3f193334|　──<R所詮|しょせん>、明日が今日になるだけだ。\k\n　──ならば、いっそ……。\k\n　──楽になろうじゃないか。\k\n　──さあ、自由にしてくれ。
0x791c712f|　駄目だ！\k\n　耳を貸すな！\k\n　聞き入るな！\k\n　俺にできる唯一の抵抗。\k\n　それは理性という<R檻|おり>に『やつ』を閉じこめておくことだけだ。
0xdda0b23a|　──そう。\k\n　──ひびの入った、いまにも壊れそうな<R檻|おり>にな。
0xc5fc5356|「……黙れッ！」\k\n　低く叫んだ。\k\n　虚勢でもいい。\k\n　怒りで自我を保つのだ。
0xae8be847|　黙れ、\k黙れッ、\kダマレッ！
0x89c8f06f|　──くくく。\k\n　──ははは。\k\n　──はあーっはっはっはっはっはっはっはっはっ！
0xb4b30af6|　朝だ！\k\n　朝はまだか@\k\n　朝になれば、俺が勝つ！
0xdc827498|　『やつ』は眠る。\k\n　『やつ』は夜しか現れない。\k\n　このカーテンの隙間から光が\k──朝の光さえ漏れてくれれば『やつ』は再び眠りにつく。\k\n　そうすれば、俺の勝ちだ！
0xd59fa774|　──だが、夜はまた訪れる。
0x6e08d734|　朝だッ！\k\n　朝はまだかッ！
0xfca65573|　──思い出せ、あの感覚を……。\k\n　──打ち震えるような快楽を……。\k\n　──それは血が呼び覚ますお前の本能なのだ。
0xb1887f1c|　朝がくれば！\k\n　朝さえくれば『こいつ』はッ……！
0x165b5607|　──なあ。\k\n　──俺のことを『やつ』とか『こいつ』なんて呼ぶのはよせよ。\k\n　──俺は……。
0x643cd55a|　朝だッ！\k\n　朝ッ！\k　朝ッ！\k\n　朝ッ！\k　朝ッ！\k　朝ッ！\k\n　朝ッ！\k　朝ッ！\k　朝ッ！\k　朝ッ！
0x1482eb95|　──俺は『お前そのもの』なのだから……。
0xd44712c4|　朝はまだかああああぁぁぁぁーーーーーーーーーーーーッ！
0xaba6a0ee|　<F60がばッ！>
0x3e698b93|\k\n　まるでバネ仕掛けのおもちゃのような勢いで、俺は布団から上半身を跳ね起こした。
0x45f24805|「きゃっ！」\k\n　まぶたを開けて最初に視界に入ったのは、びっくり驚く女の人の顔だった。\k\n　身体をこわばらせ、大きく目を見開いている。
0x4da9615b|　そこは馴染みのない部屋だった。\k\n　夢の続き……？\k\n　一瞬の混乱。\k\n　いや、違う……\kここは──。
0x4b1e1521|　頭の中が目を覚まし、ようやく俺は現実の世界に舞い戻ったことを認識した。\k\n　ここは、そう……\k親父の実家だ。\k\n　三日前から世話になってるんだった。
0xfe1b5458|　障子の隙間から射すまぶしい光に、俺は目を細めた。\k\n　朝だ。\k\n　夢の中で待ち望んだ朝が来ていた。\k\n　それも澄んだ青空の広がるすがすがしい朝だった。\k\n　庭先からは小鳥のさえずりが聞こえてくる。
0x2159df9f|「も、もう、驚かさないでください」\k\n　彼女は自分の胸に手を当てると、深く息を吐き、\k\n
0x4e7f0cc6|「まだ心臓がどきどきいってます」\k\n　そう言って、恥ずかしそうに笑った。\k\n　豪快な寝ぼけっぷりを目の当たりにされた俺も、\k\n
0xe9d41430|「お、おはようございます」\k\n　と、起き抜けのガラガラ声と、照れ隠しのぎこちない笑顔で応えた。
0x4dff940e|　目の前の女性は、<R千鶴|ちづる>さん。\k\n　俺の<R従姉|いとこ>で、歳は３つ上の２３歳。\k\n　四人姉妹の一番上のお姉さんで、この大きな屋敷の御当主様でもある。\k\n　いまはたぶん、俺を起こしに来てくれたんだろう。\k\n　タイミングよく俺が跳ね起きたもんだから、びっくりさせてしまったらしい。
0x88be9d7b|「おはようございます。\k
0x5836248d|今日もいい天気ですよ」\k\n　千鶴さんが柔らかく微笑んで言った。\k\n　<R艶|つや>やかな髪が朝の光できらきらと輝いて見えた。\k\n　やっぱり、きれいな人だな。\k\n　寝ぼけまなこをこすりつつ、俺は思った。\k\n　そのうえ、この甘えたくなるような優しい声。\k\n　なんというか、いろんな意味で反則だよな。\k\n　ほんの少しとはいえ、俺と同じ血が流れてるとは、どうにも信じがたい。
0xdb1721f3|　去年までは俺と同じ学生だった千鶴さんも、いまでは立派な社会人。\k\n　しかも、彼女は普通のＯＬではない。\k\n　社員数５００人を超すこの土地最大の優良企業──その若き会長という、ひれ伏しそうな肩書きを持つすんごい人なのだ。\k\n　今日もこれから出社である。\k\n　ごろごろと夏休みを過ごしてる俺としては、少々申し訳ない気持ちになる。
0x72140567|「それにしても」\k\n　少し間をおいて、千鶴さんがなにやら恨めしそうな目を俺に向けた。\k\n
0xc32532c9|「耕一さんって、ときどき子供みたいなことするんですね」\k\n「え？」\k\n　意味がわからず、きょとんとする俺に、\k\n
0xe2fd6d8f|「さっきのですっ。\k
0xb27985d1|本当にびっくりしたんですよ」\k\n　ちょっとだけすねたような、それでいて笑ったような口調で千鶴さんは言った。
0xbb6b47db|「あ、いや、違うって。\kさっきのはわざとじゃないよ」\k\n
0xdccc6c60|「違うんですか？」\k\n「違う違う。\kあれはなんつーか、寝ぼけたっつーか……」\k\n
0xa345e621|「寝ぼけてた？」\k\n「……うん」\k\n
0xdd39bfe9|「だとしたら……」\k\n
0xd5492b73|　くすっ、と笑う千鶴さん。\k\n
0xfea4a212|「ずいぶん目覚めのいい朝でしたね」\k\n「ちぇっ、意地悪いなあ」
0x3c40bd01|　あ〜あ、かっこ悪い。\k\n　朝イチからこれだもんな。\k\n　千鶴さんの前では、できればいつも格好よくありたい。\k\n　そう思ってる俺だけど……。\k\n　こんなもんだよ、現実は。
0xb931ca67|「怖い夢でも見たんですか？」\k\n　唐突に、しかもストレートに言い当てる、千鶴さん。\k\n「あ、するどいなあ。\kそうだよ、その通り」\k\n
0x558f4668|「まあ」\k\n「そうなんだ。\kここんとこ、毎日同じ夢ばかり見てて……」
0x89ebad69|　そう。\k\n　あの夢を見るのは、じつはこれで三度目だ。\k\n　昨日も<R一昨日|おととい>も、同じ夢を見ている。\k\n　なんなんだろう、いったい。\k\n　立て続けに同じ夢を見るなんて、初めての経験だ。
0xc9e9f497|　いや、正確に言えば、まったく同じというわけじゃない。\k\n　回を重ねるごと、日増しにリアリティが増えてくる。\k\n　夢の中で聞こえるあの声も、だんだんはっきりした存在感を帯びてきた。\k\n　夢とはいえ、相当な圧迫感だ。\k\n　なんだか薄気味悪い。
0xb7cfaffa|<F60「耕一さんっ！」>
0x79766559|\k\n「うわっ！」\k\n　すぐ目の前に千鶴さんの顔があった。\k\n　驚いた俺を見て、くすくす笑っている。\k\n　ふわり、といい匂いがした。\k\n　石けんの上品な匂い……かな？
0x3a733eef|「びっくりしました？」\k\n「し、したよ、そりゃ……。\kなんだよ、千鶴さんのほうこそ、子供みたいなことして……」\k\n
0xeecd7a51|「ふふっ、さっきのおかえしです」\k\n　千鶴さんはたまにこういう一面を見せることがある。\k\n　変に子供っぽいと言うか……。\k\n　正直、彼女がちょっとわからなくなる一瞬だ。
0x3cfcb7d7|「ずいぶん深刻そうですね。\k
0xd12afbc3|そんなに怖い夢だったんですか？」\k\n「うん、まあ、怖いというか……」\k\n
0x731a82cd|「どんな夢です？\k
0x10c4711d|　よかったら聞かせてくれませんか？」\k\n「え？」\k\n
0x66ea4612|「私が夢診断をしてあげます。\k
0x8e08159c|じつは私、前々からそういうのに興味があるんですよ」\k\n「へえ」\k\n　それはまた初耳だな。
0x2990e77d|「夢には意外な真実が隠されていたりするんです。\k
0xcfe8d08d|その夢からなにか新しい発見があるかもしれませんよ？」\k\n　まるで本の帯に書かれた宣伝文句だ。\k\n　若干のうさんくささに、俺は苦笑した。\k\n　でも、たしかに興味はあるな。\k\n　たとえ遊び半分でも、意外な方向から夢の謎が判明するかもしれないし。\k\n　そうなったら、めっけもんだ。
0x5e26a232|　しかし、あの夢。\k\n　いかにもネガティブな感じの夢なんだよな。\k\n　欲求不満だとか、ヤバげな願望があるとか、そういう診断をされた日にはへこむしなあ。\k\n　千鶴さんの前ではとくに。\k\n　どうしよう。
0x99c176d2|　ここは──。
0x42a9db76|１．　正直に話してみよう。
0xa594e07a|２．　千鶴さんが出てくる夢で……と冗談を言う。
0x4a7fb46b|３．　笑ってごまかす。
0xc8932c56|「いや、いいよ。\kどうせたいした内容じゃないから、ははは」\k\n　俺は笑ってごまかした。\k\n
0x81a88bbe|「そうですか……」\k\n　ちょっとがっかりした様子の千鶴さん。\k\n　なんとなく申し訳ない気持ちになる。\k\n　だけど……\kやっぱり言いにくいよなあ、あんな夢。\k\n　もっと抽象的な夢ならともかく、なんのひねりもない、いかにも欲求不満ですって感じの内容だからなあ。\k\n　これが俺の本性です、と告白するようなもんだ。
