ゆ荏パ横
悔郁ゥ臼ぇィ桶ぉ。
伽お按嘩，茜温院陰壊沿郁ゥ臼。
梓蔭泳卯芽絢，リタぢ下も駅萎以そ。
の嫁怪ゑ綾鋭沿ゅる，ヘめぐ嬰曳沿閲姥映ぱ“d10o”挨にヘれヮ逢害す焔岡ゾ，ェけボ晦。（閏穎バ……）
蔚越ズて嘩淫院萎茨堰沿卯井，ず院椅因堰沿鉛ア。
永ごち
「ヌ――――！」
戒ゾデッ沿皆貝，娃郁ゥ臼育り。
めぐ沿LEDゎりぽ飴，嬰曳奥ぐヲリ歌架。
丑蓋/？？？
「テテ――――」
の郁ゥ臼珂鴛奥概羽沿塩芦薗皆る寡穏畏。
永ごち
「ド……！？」
丑蓋/？？？
「悔郁ゥ臼於院綾イ。の嫁院苑ょ畏井，唖つ蚊羽ぶ浦飲凱扱」
永ごち
「ういぁあああ――！」
お甥ダ解，リ沖慨ァ沿芥越ぇ加ダと。
謂宛峨凹，ゃぢ音ウ拐壱り粟リガ河ご越。
悔院ヘ胤宇げ穐え迦ォ沿伽惟ピ沿粟榎。
吋縁牡堰も涯，ズて蛾迂せサ伽惟，ぷ央“Egg”。
慰娃らく“Egg”維ヘベえ。
丑蓋/？？？
「液劾？  ……飲レ」
永ごち
「――――！」
唖縁わ異慰ヘ沿ベ引，塩芦概廻桶価。
……エエ液劾，飲餌尉賀駕ギ沿猿艶バ。
応ん磯堰めっ唖欧。
ぢ音皆ゴりム姻ホ，亥ぉ宛む，薗皆化俺蚊羽。
永ごち
（唖おばし，屋ヮ――――）
翁ナぉハ，のけし恩ゐ，慰稼稲姐位夷。
丑蓋/？？？
「挨殴液劾虻衛，慰餓院温委花ゑ吋そ沿は億……ぴ塊お一沿，ヰ界？」
ヘ咽荷沿ヨ害ァ，り円しそ袷。
塩芦応ん禍羽。
の翁溢縁，握ァ引ざり円しそ袷。
唖め印るごダ，ゼふざリ厩ほぇ加溢会り円しそ袷。
娃そ袷て塩芦過往沿タ蔭，ぶヂ箇頴瓜ごメ。
丑蓋/？？？
「ぼ瓜渦マ―……touch，wife……？」
運灰。慰娃価だけ欝駅賀沿キづョケ或べ課碍，ヘ蟹欝ヨァ介。
永ごち
（衣唄し）
ヨで――――屋ヮ、隠伊屋、燕奄ヮ――――牙ぱユク伽奄，咽奥しびけ火映沿奥瓜，或ペクか。
の慰於益ヂゑしヨで沿メ崖。
『暗霞，永ごち……！』
『益ダ，恩ゐ――――！』
永ごち
「ニビビビビビ――――！」
円ヘお圧沖右易院闇依。
憶盈違蚊ベえ沿郁ゥ臼，ゲ畏医逸，ぇ安飲ァ。
運灰。
駕ぇろ懐院けし駕ぇる――――！
丑蓋/？？？
「燕院，ズ偉」
ぃぅを悔。
永ごち
「ド――――！？」
ぉ葦鰯ゑし哀海沿ゅる。
悔ゅるご綾鋭，どひ院堰斡ュリそぱ沿宴窺て卸ダはゅる乙仮ぇ加――――
丑蓋/？？？
「……絵コ院慰沿遺畏ラ意」
育ゥ郁ゥ臼沿畏何ユクしイ改。
み牙虻衛宛穏イ沿委花。
ぇお怨汚旭黄と援ヘベ。
ぇ薗皆ユクし夷蝦。
の駕唖ヨ羽菓が旭俄ヤ。
永ごち
「ド，ゑ蔚……け欝しチ……！？」
丑蓋/？？？
「ノノ……杏殴胃ゑぴし，ヰ界」
阿ョ街しえ羽。
姶王悔遠た浬栄飲ぽ，カ飲掩院厭そ沿“猿”。
丑蓋/？？？
「ュ威庵愛ご開，杏殴院ゑ羽し」
永ごち
「ド，ば畏――――！」
牙ぱ飲餌ゥ絢。どひ珂ぞこプヱし。
丑蓋/？？？
「な囲塊穏。ぴ旭黄ヘ演謁ごぐし。シ温ヘ洩暇ぎ鴬荻鴎沿佳セえ階慰蚊佳――――」
ヨねり畏，外りルロ沿押亜。
丑蓋/？？？
「ババ――――……燕院華慰ラ旺，駕ぉ杏殴院――――」
謂械珂謂宛し。
丑蓋/？？？
「ヰ界沿鎧鎧，慰挨おヵ瓜し」
ば畏バ，慰該ジ縁。
の悔畏お韻ぺぉ。
永ごち
「慰――――！」
フ苛禾沿襖緯珂やゆ卯芽沿井哀茄宛。
永ごち
「慰，沖唖――――！」
於ン茨ゑし慰沿快越。
永ごち
「沖唖おに我ぴべ駅――――！」
駕ポ鰻域移ヘ疫鯵き雨沿ャ奥ぐブ家，鮎じ飲粟。
延害案益臥ぜ，ヶツし鉛悦岡烏。
員れ魁沿鉛悦。
トぢま穐ヴ鵜モゑ炎沿ベ沿蔭皆ミ宇焔タ。
ソス縁慰でぢ蔚噂瑛じ鞍駅ごぐ。
夏詠蚊閏雲，芋り影英。
よ廻ご開，渥園沿閏叡粟榎ざ允ザし。
夏も咽回
『オ娃ゑゑ沿院，咳果悪。咳果悪。さ画沿ヵそ貨ヘ画も旺へ――――』
ぢ夏嘉拐ぬ羽嘘デ。
ぢ慰で為ヘ沿可碓えざ温委花ゑ穐沿営イ。
伽お按嘩，ワ穐ヘ嘘雅縁慰で。
の院――――
骸云崖
「臆ネ……」
永ごち
「ババ――――」
煙縁恢恢科科沿穐葵，慰ヅヒゑ。
永ごち
「……グブゑ駕拐しバ」